<?xml version="1.0" encoding="UTF-8"?>
<!-- Generated by org.testng.reporters.JUnitXMLReporter -->
<testsuite hostname="d11macpro.d11.com" ignored="0" name="TestCase_7" tests="1" failures="0" timestamp="01 Nov 2018 07:22:53 GMT" time="10.019" errors="0">
  <testcase name="@BeforeMethod SetUp" time="10.014" classname="com.sportsGuru.TestCase_Nexus_5X_API_27_Oreo">
    <failure type="java.lang.IndexOutOfBoundsException" message="Index: 0, Size: 0">
      <![CDATA[java.lang.IndexOutOfBoundsException: Index: 0, Size: 0
at java.util.ArrayList.rangeCheck(ArrayList.java:657)
at java.util.ArrayList.get(ArrayList.java:433)
at com.sportsGuru.ConfigFileReaderMethods.getDevicesFromADB(ConfigFileReaderMethods.java:50)
at com.sportsGuru.TestCase_Nexus_5X_API_27_Oreo.SetUp(TestCase_Nexus_5X_API_27_Oreo.java:36)
... Removed 31 stack frames]]>
    </failure>
  </testcase> <!-- @BeforeMethod SetUp -->
  <testcase name="@AfterMethod TearDown" time="0.0" classname="com.sportsGuru.TestCase_Nexus_5X_API_27_Oreo">
    <skipped/>
  </testcase> <!-- @AfterMethod TearDown -->
  <testcase name="Nexus_5X_API_27_Oreo" time="0.0" classname="com.sportsGuru.TestCase_Nexus_5X_API_27_Oreo">
    <skipped/>
  </testcase> <!-- Nexus_5X_API_27_Oreo -->
</testsuite> <!-- TestCase_7 -->
