<?xml version="1.0" encoding="UTF-8"?>
<testng-results skipped="0" failed="0" ignored="0" total="4" passed="4">
  <reporter-output>
  </reporter-output>
  <suite name="Suite" duration-ms="274397" started-at="2018-10-31T16:20:14Z" finished-at="2018-10-31T16:24:49Z">
    <groups>
    </groups>
    <test name="TestCase_1" duration-ms="65247" started-at="2018-10-31T16:20:14Z" finished-at="2018-10-31T16:21:19Z">
      <class name="com.sportsGuru.TestCase_Nexus_5X_API_21_Lollipop">
        <test-method status="PASS" signature="SetUp()[pri:0, instance:com.sportsGuru.TestCase_Nexus_5X_API_21_Lollipop@340f438e]" name="SetUp" is-config="true" duration-ms="10067" started-at="2018-10-31T16:20:14Z" finished-at="2018-10-31T16:20:24Z">
          <reporter-output>
          </reporter-output>
        </test-method> <!-- SetUp -->
        <test-method status="PASS" signature="Nexus_5X_API_21_Lollipop()[pri:0, instance:com.sportsGuru.TestCase_Nexus_5X_API_21_Lollipop@340f438e]" name="Nexus_5X_API_21_Lollipop" duration-ms="55144" started-at="2018-10-31T16:20:24Z" finished-at="2018-10-31T16:21:19Z">
          <reporter-output>
          </reporter-output>
        </test-method> <!-- Nexus_5X_API_21_Lollipop -->
        <test-method status="PASS" signature="TearDown()[pri:0, instance:com.sportsGuru.TestCase_Nexus_5X_API_21_Lollipop@340f438e]" name="TearDown" is-config="true" duration-ms="10" started-at="2018-10-31T16:21:19Z" finished-at="2018-10-31T16:21:19Z">
          <reporter-output>
          </reporter-output>
        </test-method> <!-- TearDown -->
      </class> <!-- com.sportsGuru.TestCase_Nexus_5X_API_21_Lollipop -->
    </test> <!-- TestCase_1 -->
    <test name="TestCase_2" duration-ms="65055" started-at="2018-10-31T16:21:25Z" finished-at="2018-10-31T16:22:30Z">
      <class name="com.sportsGuru.TestCase_Nexus_5X_API_22_Lollipop">
        <test-method status="PASS" signature="SetUp()[pri:0, instance:com.sportsGuru.TestCase_Nexus_5X_API_22_Lollipop@21bcffb5]" name="SetUp" is-config="true" duration-ms="10011" started-at="2018-10-31T16:21:25Z" finished-at="2018-10-31T16:21:35Z">
          <reporter-output>
          </reporter-output>
        </test-method> <!-- SetUp -->
        <test-method status="PASS" signature="Nexus_5X_API_22_Lollipop()[pri:0, instance:com.sportsGuru.TestCase_Nexus_5X_API_22_Lollipop@21bcffb5]" name="Nexus_5X_API_22_Lollipop" duration-ms="55032" started-at="2018-10-31T16:21:35Z" finished-at="2018-10-31T16:22:30Z">
          <reporter-output>
          </reporter-output>
        </test-method> <!-- Nexus_5X_API_22_Lollipop -->
        <test-method status="PASS" signature="TearDown()[pri:0, instance:com.sportsGuru.TestCase_Nexus_5X_API_22_Lollipop@21bcffb5]" name="TearDown" is-config="true" duration-ms="10" started-at="2018-10-31T16:22:30Z" finished-at="2018-10-31T16:22:30Z">
          <reporter-output>
          </reporter-output>
        </test-method> <!-- TearDown -->
      </class> <!-- com.sportsGuru.TestCase_Nexus_5X_API_22_Lollipop -->
    </test> <!-- TestCase_2 -->
    <test name="TestCase_3" duration-ms="65056" started-at="2018-10-31T16:22:38Z" finished-at="2018-10-31T16:23:43Z">
      <class name="com.sportsGuru.TestCase_Nexus_5X_API_23_Marshmallow">
        <test-method status="PASS" signature="SetUp()[pri:0, instance:com.sportsGuru.TestCase_Nexus_5X_API_23_Marshmallow@6b2fad11]" name="SetUp" is-config="true" duration-ms="10012" started-at="2018-10-31T16:22:38Z" finished-at="2018-10-31T16:22:48Z">
          <reporter-output>
          </reporter-output>
        </test-method> <!-- SetUp -->
        <test-method status="PASS" signature="Nexus_5X_API_23_Marshmallow()[pri:0, instance:com.sportsGuru.TestCase_Nexus_5X_API_23_Marshmallow@6b2fad11]" name="Nexus_5X_API_23_Marshmallow" duration-ms="55032" started-at="2018-10-31T16:22:48Z" finished-at="2018-10-31T16:23:43Z">
          <reporter-output>
          </reporter-output>
        </test-method> <!-- Nexus_5X_API_23_Marshmallow -->
        <test-method status="PASS" signature="TearDown()[pri:0, instance:com.sportsGuru.TestCase_Nexus_5X_API_23_Marshmallow@6b2fad11]" name="TearDown" is-config="true" duration-ms="11" started-at="2018-10-31T16:23:43Z" finished-at="2018-10-31T16:23:43Z">
          <reporter-output>
          </reporter-output>
        </test-method> <!-- TearDown -->
      </class> <!-- com.sportsGuru.TestCase_Nexus_5X_API_23_Marshmallow -->
    </test> <!-- TestCase_3 -->
    <test name="TestCase_4" duration-ms="65063" started-at="2018-10-31T16:23:43Z" finished-at="2018-10-31T16:24:49Z">
      <class name="com.sportsGuru.TestCase_Nexus_5X_API_24_gplay_Nougat">
        <test-method status="PASS" signature="SetUp()[pri:0, instance:com.sportsGuru.TestCase_Nexus_5X_API_24_gplay_Nougat@26ba2a48]" name="SetUp" is-config="true" duration-ms="10015" started-at="2018-10-31T16:23:43Z" finished-at="2018-10-31T16:23:53Z">
          <reporter-output>
          </reporter-output>
        </test-method> <!-- SetUp -->
        <test-method status="PASS" signature="Nexus_5X_API_24_gplay_Nougat()[pri:0, instance:com.sportsGuru.TestCase_Nexus_5X_API_24_gplay_Nougat@26ba2a48]" name="Nexus_5X_API_24_gplay_Nougat" duration-ms="55038" started-at="2018-10-31T16:23:53Z" finished-at="2018-10-31T16:24:48Z">
          <reporter-output>
          </reporter-output>
        </test-method> <!-- Nexus_5X_API_24_gplay_Nougat -->
        <test-method status="PASS" signature="TearDown()[pri:0, instance:com.sportsGuru.TestCase_Nexus_5X_API_24_gplay_Nougat@26ba2a48]" name="TearDown" is-config="true" duration-ms="10" started-at="2018-10-31T16:24:48Z" finished-at="2018-10-31T16:24:49Z">
          <reporter-output>
          </reporter-output>
        </test-method> <!-- TearDown -->
      </class> <!-- com.sportsGuru.TestCase_Nexus_5X_API_24_gplay_Nougat -->
    </test> <!-- TestCase_4 -->
  </suite> <!-- Suite -->
</testng-results>
