-------------------------------------------------------------------------------
Test set: TestSuite
-------------------------------------------------------------------------------
Tests run: 10, Failures: 2, Errors: 0, Skipped: 2, Time elapsed: 491.406 sec <<< FAILURE! - in TestSuite
Nexus_5X_API_23_Marshmallow(com.sportsGuru.TestCase_Nexus_5X_API_23_Marshmallow)  Time elapsed: 57.058 sec  <<< FAILURE!
java.lang.AssertionError: expected [true] but found [false]
	at com.sportsGuru.TestCase_Nexus_5X_API_23_Marshmallow.Nexus_5X_API_23_Marshmallow(TestCase_Nexus_5X_API_23_Marshmallow.java:55)

SetUp(com.sportsGuru.TestCase_Nexus_5X_API_27_Oreo)  Time elapsed: 65.088 sec  <<< FAILURE!
java.lang.IndexOutOfBoundsException: Index: 0, Size: 0
	at com.sportsGuru.TestCase_Nexus_5X_API_27_Oreo.SetUp(TestCase_Nexus_5X_API_27_Oreo.java:36)

