<?xml version="1.0" encoding="UTF-8"?>
<testng-results skipped="0" failed="0" ignored="0" total="4" passed="4">
  <reporter-output>
  </reporter-output>
  <suite name="Suite" duration-ms="274907" started-at="2018-10-31T15:47:25Z" finished-at="2018-10-31T15:52:00Z">
    <groups>
    </groups>
    <test name="TestCase_1" duration-ms="65270" started-at="2018-10-31T15:47:25Z" finished-at="2018-10-31T15:48:30Z">
      <class name="com.sportsGuru.TestCase_Nexus_5X_API_21_Lollipop">
        <test-method status="PASS" signature="SetUp()[pri:0, instance:com.sportsGuru.TestCase_Nexus_5X_API_21_Lollipop@18be83e4]" name="SetUp" is-config="true" duration-ms="10073" started-at="2018-10-31T15:47:25Z" finished-at="2018-10-31T15:47:35Z">
          <reporter-output>
          </reporter-output>
        </test-method> <!-- SetUp -->
        <test-method status="PASS" signature="Nexus_5X_API_21_Lollipop()[pri:0, instance:com.sportsGuru.TestCase_Nexus_5X_API_21_Lollipop@18be83e4]" name="Nexus_5X_API_21_Lollipop" duration-ms="55155" started-at="2018-10-31T15:47:35Z" finished-at="2018-10-31T15:48:30Z">
          <reporter-output>
          </reporter-output>
        </test-method> <!-- Nexus_5X_API_21_Lollipop -->
        <test-method status="PASS" signature="TearDown()[pri:0, instance:com.sportsGuru.TestCase_Nexus_5X_API_21_Lollipop@18be83e4]" name="TearDown" is-config="true" duration-ms="9" started-at="2018-10-31T15:48:30Z" finished-at="2018-10-31T15:48:30Z">
          <reporter-output>
          </reporter-output>
        </test-method> <!-- TearDown -->
      </class> <!-- com.sportsGuru.TestCase_Nexus_5X_API_21_Lollipop -->
    </test> <!-- TestCase_1 -->
    <test name="TestCase_2" duration-ms="65065" started-at="2018-10-31T15:48:30Z" finished-at="2018-10-31T15:49:35Z">
      <class name="com.sportsGuru.TestCase_Nexus_5X_API_22_Lollipop">
        <test-method status="PASS" signature="SetUp()[pri:0, instance:com.sportsGuru.TestCase_Nexus_5X_API_22_Lollipop@6d4b1c02]" name="SetUp" is-config="true" duration-ms="10015" started-at="2018-10-31T15:48:30Z" finished-at="2018-10-31T15:48:40Z">
          <reporter-output>
          </reporter-output>
        </test-method> <!-- SetUp -->
        <test-method status="PASS" signature="Nexus_5X_API_22_Lollipop()[pri:0, instance:com.sportsGuru.TestCase_Nexus_5X_API_22_Lollipop@6d4b1c02]" name="Nexus_5X_API_22_Lollipop" duration-ms="55038" started-at="2018-10-31T15:48:40Z" finished-at="2018-10-31T15:49:35Z">
          <reporter-output>
          </reporter-output>
        </test-method> <!-- Nexus_5X_API_22_Lollipop -->
        <test-method status="PASS" signature="TearDown()[pri:0, instance:com.sportsGuru.TestCase_Nexus_5X_API_22_Lollipop@6d4b1c02]" name="TearDown" is-config="true" duration-ms="10" started-at="2018-10-31T15:49:35Z" finished-at="2018-10-31T15:49:35Z">
          <reporter-output>
          </reporter-output>
        </test-method> <!-- TearDown -->
      </class> <!-- com.sportsGuru.TestCase_Nexus_5X_API_22_Lollipop -->
    </test> <!-- TestCase_2 -->
    <test name="TestCase_3" duration-ms="65056" started-at="2018-10-31T15:49:40Z" finished-at="2018-10-31T15:50:45Z">
      <class name="com.sportsGuru.TestCase_Nexus_5X_API_23_Marshmallow">
        <test-method status="PASS" signature="SetUp()[pri:0, instance:com.sportsGuru.TestCase_Nexus_5X_API_23_Marshmallow@57baeedf]" name="SetUp" is-config="true" duration-ms="10012" started-at="2018-10-31T15:49:40Z" finished-at="2018-10-31T15:49:50Z">
          <reporter-output>
          </reporter-output>
        </test-method> <!-- SetUp -->
        <test-method status="PASS" signature="Nexus_5X_API_23_Marshmallow()[pri:0, instance:com.sportsGuru.TestCase_Nexus_5X_API_23_Marshmallow@57baeedf]" name="Nexus_5X_API_23_Marshmallow" duration-ms="55031" started-at="2018-10-31T15:49:50Z" finished-at="2018-10-31T15:50:45Z">
          <reporter-output>
          </reporter-output>
        </test-method> <!-- Nexus_5X_API_23_Marshmallow -->
        <test-method status="PASS" signature="TearDown()[pri:0, instance:com.sportsGuru.TestCase_Nexus_5X_API_23_Marshmallow@57baeedf]" name="TearDown" is-config="true" duration-ms="10" started-at="2018-10-31T15:50:45Z" finished-at="2018-10-31T15:50:45Z">
          <reporter-output>
          </reporter-output>
        </test-method> <!-- TearDown -->
      </class> <!-- com.sportsGuru.TestCase_Nexus_5X_API_23_Marshmallow -->
    </test> <!-- TestCase_3 -->
    <test name="TestCase_4" duration-ms="65058" started-at="2018-10-31T15:50:55Z" finished-at="2018-10-31T15:52:00Z">
      <class name="com.sportsGuru.TestCase_Nexus_5X_API_24_gplay_Nougat">
        <test-method status="PASS" signature="SetUp()[pri:0, instance:com.sportsGuru.TestCase_Nexus_5X_API_24_gplay_Nougat@204f30ec]" name="SetUp" is-config="true" duration-ms="10013" started-at="2018-10-31T15:50:55Z" finished-at="2018-10-31T15:51:05Z">
          <reporter-output>
          </reporter-output>
        </test-method> <!-- SetUp -->
        <test-method status="PASS" signature="Nexus_5X_API_24_gplay_Nougat()[pri:0, instance:com.sportsGuru.TestCase_Nexus_5X_API_24_gplay_Nougat@204f30ec]" name="Nexus_5X_API_24_gplay_Nougat" duration-ms="55033" started-at="2018-10-31T15:51:05Z" finished-at="2018-10-31T15:52:00Z">
          <reporter-output>
          </reporter-output>
        </test-method> <!-- Nexus_5X_API_24_gplay_Nougat -->
        <test-method status="PASS" signature="TearDown()[pri:0, instance:com.sportsGuru.TestCase_Nexus_5X_API_24_gplay_Nougat@204f30ec]" name="TearDown" is-config="true" duration-ms="9" started-at="2018-10-31T15:52:00Z" finished-at="2018-10-31T15:52:00Z">
          <reporter-output>
          </reporter-output>
        </test-method> <!-- TearDown -->
      </class> <!-- com.sportsGuru.TestCase_Nexus_5X_API_24_gplay_Nougat -->
    </test> <!-- TestCase_4 -->
  </suite> <!-- Suite -->
</testng-results>
